<?xml version="1.0" encoding="UTF-8"?>
<!-- Generated by org.testng.reporters.JUnitReportReporter -->
<testsuite skipped="3" hostname="LAPTOP-A8F5AB7C" name="com.qa.test.LoginPageTest" tests="4" failures="0" timestamp="30 Jun 2020 08:14:27 GMT" time="8.899" errors="0">
  <testcase name="loginpagetitletest" time="8.899" classname="com.qa.test.LoginPageTest"/>
  <testcase name="logintest" classname="com.qa.test.LoginPageTest">
    <skipped/>
  </testcase> <!-- logintest -->
  <testcase name="invalidlogintest" classname="com.qa.test.LoginPageTest">
    <skipped/>
  </testcase> <!-- invalidlogintest -->
  <testcase name="loginpagelogotest" classname="com.qa.test.LoginPageTest">
    <skipped/>
  </testcase> <!-- loginpagelogotest -->
</testsuite> <!-- com.qa.test.LoginPageTest -->
