<?xml version="1.0" encoding="UTF-8"?>
<!-- Generated by org.testng.reporters.JUnitReportReporter -->
<testsuite skipped="1" hostname="LAPTOP-A8F5AB7C" name="com.qa.test.ContactsPageTest" tests="1" failures="0" timestamp="24 Jun 2020 12:33:34 GMT" time="0.000" errors="0">
  <testcase name="createcontact" time="0.000" classname="com.qa.test.ContactsPageTest">
    <skipped/>
  </testcase> <!-- createcontact -->
</testsuite> <!-- com.qa.test.ContactsPageTest -->
