<?xml version="1.0" encoding="UTF-8"?>
<!-- Generated by org.testng.reporters.JUnitReportReporter -->
<testsuite skipped="0" hostname="LAPTOP-A8F5AB7C" name="com.qa.test.HomePageTest" tests="2" failures="0" timestamp="28 Jun 2020 01:31:08 GMT" time="35.984" errors="0">
  <testcase name="homepagetitleTest" time="34.441" classname="com.qa.test.HomePageTest"/>
  <testcase name="homepageheaderTest" time="1.543" classname="com.qa.test.HomePageTest"/>
</testsuite> <!-- com.qa.test.HomePageTest -->
