<?xml version="1.0" encoding="UTF-8"?>
<!-- Generated by org.testng.reporters.JUnitReportReporter -->
<testsuite skipped="4" hostname="LAPTOP-A8F5AB7C" name="com.qa.test.LoginPageTest" tests="4" failures="0" timestamp="02 Jul 2020 16:22:30 GMT" time="0.000" errors="0">
  <testcase name="loginpagetitletest" time="0.000" classname="com.qa.test.LoginPageTest">
    <skipped/>
  </testcase> <!-- loginpagetitletest -->
  <testcase name="logintest" classname="com.qa.test.LoginPageTest">
    <skipped/>
  </testcase> <!-- logintest -->
  <testcase name="invalidlogintest" classname="com.qa.test.LoginPageTest">
    <skipped/>
  </testcase> <!-- invalidlogintest -->
  <testcase name="loginpagelogotest" classname="com.qa.test.LoginPageTest">
    <skipped/>
  </testcase> <!-- loginpagelogotest -->
</testsuite> <!-- com.qa.test.LoginPageTest -->
